<?xml version="1.0" encoding="UTF-8"?>
<testng-results ignored="0" total="1" passed="1" failed="0" skipped="0">
  <reporter-output>
  </reporter-output>
  <suite started-at="2021-06-07T14:51:45 IST" name="Default suite" finished-at="2021-06-07T14:51:58 IST" duration-ms="12783">
    <groups>
    </groups>
    <test started-at="2021-06-07T14:51:45 IST" name="Default test" finished-at="2021-06-07T14:51:58 IST" duration-ms="12783">
      <class name="jenkinsdemo.OrangehrmTest">
        <test-method signature="orangehrmtitleTest()[pri:0, instance:jenkinsdemo.OrangehrmTest@62e7f11d]" started-at="2021-06-07T14:51:45 IST" name="orangehrmtitleTest" finished-at="2021-06-07T14:51:58 IST" duration-ms="12650" status="PASS">
          <reporter-output>
          </reporter-output>
        </test-method> <!-- orangehrmtitleTest -->
      </class> <!-- jenkinsdemo.OrangehrmTest -->
    </test> <!-- Default test -->
  </suite> <!-- Default suite -->
</testng-results>
